# JRE version: OpenJDK Runtime Environment (8.0_242-b01) (build 1.8.0_242-release-1644-b01)
# Java VM: OpenJDK 64-Bit Server VM (25.242-b01 mixed mode windows-amd64 compressed oops)
Heap:
 PSYoungGen      total 256512K, used 145794K [0x00000000e0000000, 0x00000000f3680000, 0x0000000100000000)
  eden space 230400K, 51% used [0x00000000e0000000,0x00000000e74e6a70,0x00000000ee100000)
  from space 26112K, 99% used [0x00000000ee100000,0x00000000efa7a120,0x00000000efa80000)
  to   space 33792K, 0% used [0x00000000f1580000,0x00000000f1580000,0x00000000f3680000)
 ParOldGen       total 143872K, used 64705K [0x00000000a0000000, 0x00000000a8c80000, 0x00000000e0000000)
  object space 143872K, 44% used [0x00000000a0000000,0x00000000a3f305e0,0x00000000a8c80000)
 Metaspace       used 86342K, capacity 90124K, committed 90392K, reserved 1128448K
  class space    used 11307K, capacity 12021K, committed 12080K, reserved 1048576K
GC Heap History (10 events):
Event: 15.993 GC heap before
{Heap before GC invocations=16 (full 3):
 PSYoungGen      total 186368K, used 168448K [0x00000000e0000000, 0x00000000ece00000, 0x0000000100000000)
  eden space 168448K, 100% used [0x00000000e0000000,0x00000000ea480000,0x00000000ea480000)
  from space 17920K, 0% used [0x00000000eb500000,0x00000000eb500000,0x00000000ec680000)
  to   space 16896K, 0% used [0x00000000ea480000,0x00000000ea480000,0x00000000eb500000)
 ParOldGen       total 143872K, used 37366K [0x00000000a0000000, 0x00000000a8c80000, 0x00000000e0000000)
  object space 143872K, 25% used [0x00000000a0000000,0x00000000a247d8b0,0x00000000a8c80000)
 Metaspace       used 66529K, capacity 69078K, committed 69272K, reserved 1110016K
  class space    used 9051K, capacity 9604K, committed 9648K, reserved 1048576K
Event: 16.033 GC heap after
Heap after GC invocations=16 (full 3):
 PSYoungGen      total 185344K, used 16886K [0x00000000e0000000, 0x00000000eed80000, 0x0000000100000000)
  eden space 168448K, 0% used [0x00000000e0000000,0x00000000e0000000,0x00000000ea480000)
  from space 16896K, 99% used [0x00000000ea480000,0x00000000eb4fd9f0,0x00000000eb500000)
  to   space 20480K, 0% used [0x00000000ed980000,0x00000000ed980000,0x00000000eed80000)
 ParOldGen       total 143872K, used 40185K [0x00000000a0000000, 0x00000000a8c80000, 0x00000000e0000000)
  object space 143872K, 27% used [0x00000000a0000000,0x00000000a273e578,0x00000000a8c80000)
 Metaspace       used 66529K, capacity 69078K, committed 69272K, reserved 1110016K
  class space    used 9051K, capacity 9604K, committed 9648K, reserved 1048576K
}
Event: 19.049 GC heap before
{Heap before GC invocations=17 (full 3):
 PSYoungGen      total 185344K, used 185334K [0x00000000e0000000, 0x00000000eed80000, 0x0000000100000000)
  eden space 168448K, 100% used [0x00000000e0000000,0x00000000ea480000,0x00000000ea480000)
  from space 16896K, 99% used [0x00000000ea480000,0x00000000eb4fd9f0,0x00000000eb500000)
  to   space 20480K, 0% used [0x00000000ed980000,0x00000000ed980000,0x00000000eed80000)
 ParOldGen       total 143872K, used 40185K [0x00000000a0000000, 0x00000000a8c80000, 0x00000000e0000000)
  object space 143872K, 27% used [0x00000000a0000000,0x00000000a273e578,0x00000000a8c80000)
 Metaspace       used 69382K, capacity 72290K, committed 72472K, reserved 1112064K
  class space    used 9398K, capacity 9996K, committed 10032K, reserved 1048576K
Event: 19.112 GC heap after
Heap after GC invocations=17 (full 3):
 PSYoungGen      total 220672K, used 18718K [0x00000000e0000000, 0x00000000ef280000, 0x0000000100000000)
  eden space 200192K, 0% used [0x00000000e0000000,0x00000000e0000000,0x00000000ec380000)
  from space 20480K, 91% used [0x00000000ed980000,0x00000000eebc7ba8,0x00000000eed80000)
  to   space 22528K, 0% used [0x00000000ec380000,0x00000000ec380000,0x00000000ed980000)
 ParOldGen       total 143872K, used 53384K [0x00000000a0000000, 0x00000000a8c80000, 0x00000000e0000000)
  object space 143872K, 37% used [0x00000000a0000000,0x00000000a3422250,0x00000000a8c80000)
 Metaspace       used 69382K, capacity 72290K, committed 72472K, reserved 1112064K
  class space    used 9398K, capacity 9996K, committed 10032K, reserved 1048576K
}
Event: 76.792 GC heap before
{Heap before GC invocations=18 (full 3):
 PSYoungGen      total 220672K, used 218910K [0x00000000e0000000, 0x00000000ef280000, 0x0000000100000000)
  eden space 200192K, 100% used [0x00000000e0000000,0x00000000ec380000,0x00000000ec380000)
  from space 20480K, 91% used [0x00000000ed980000,0x00000000eebc7ba8,0x00000000eed80000)
  to   space 22528K, 0% used [0x00000000ec380000,0x00000000ec380000,0x00000000ed980000)
 ParOldGen       total 143872K, used 53384K [0x00000000a0000000, 0x00000000a8c80000, 0x00000000e0000000)
  object space 143872K, 37% used [0x00000000a0000000,0x00000000a3422250,0x00000000a8c80000)
 Metaspace       used 74688K, capacity 77836K, committed 78104K, reserved 1116160K
  class space    used 9836K, capacity 10475K, committed 10544K, reserved 1048576K
Event: 76.833 GC heap after
Heap after GC invocations=18 (full 3):
 PSYoungGen      total 222720K, used 20775K [0x00000000e0000000, 0x00000000f1600000, 0x0000000100000000)
  eden space 200192K, 0% used [0x00000000e0000000,0x00000000e0000000,0x00000000ec380000)
  from space 22528K, 92% used [0x00000000ec380000,0x00000000ed7c9db0,0x00000000ed980000)
  to   space 25088K, 0% used [0x00000000efd80000,0x00000000efd80000,0x00000000f1600000)
 ParOldGen       total 143872K, used 53392K [0x00000000a0000000, 0x00000000a8c80000, 0x00000000e0000000)
  object space 143872K, 37% used [0x00000000a0000000,0x00000000a3424250,0x00000000a8c80000)
 Metaspace       used 74688K, capacity 77836K, committed 78104K, reserved 1116160K
  class space    used 9836K, capacity 10475K, committed 10544K, reserved 1048576K
}
Event: 82.747 GC heap before
{Heap before GC invocations=19 (full 3):
 PSYoungGen      total 222720K, used 220967K [0x00000000e0000000, 0x00000000f1600000, 0x0000000100000000)
  eden space 200192K, 100% used [0x00000000e0000000,0x00000000ec380000,0x00000000ec380000)
  from space 22528K, 92% used [0x00000000ec380000,0x00000000ed7c9db0,0x00000000ed980000)
  to   space 25088K, 0% used [0x00000000efd80000,0x00000000efd80000,0x00000000f1600000)
 ParOldGen       total 143872K, used 53392K [0x00000000a0000000, 0x00000000a8c80000, 0x00000000e0000000)
  object space 143872K, 37% used [0x00000000a0000000,0x00000000a3424250,0x00000000a8c80000)
 Metaspace       used 75389K, capacity 78700K, committed 78872K, reserved 1118208K
  class space    used 9866K, capacity 10527K, committed 10544K, reserved 1048576K
Event: 82.775 GC heap after
Heap after GC invocations=19 (full 3):
 PSYoungGen      total 253440K, used 18888K [0x00000000e0000000, 0x00000000f1400000, 0x0000000100000000)
  eden space 230400K, 0% used [0x00000000e0000000,0x00000000e0000000,0x00000000ee100000)
  from space 23040K, 81% used [0x00000000efd80000,0x00000000f0ff20c0,0x00000000f1400000)
  to   space 26112K, 0% used [0x00000000ee100000,0x00000000ee100000,0x00000000efa80000)
 ParOldGen       total 143872K, used 53400K [0x00000000a0000000, 0x00000000a8c80000, 0x00000000e0000000)
  object space 143872K, 37% used [0x00000000a0000000,0x00000000a3426250,0x00000000a8c80000)
 Metaspace       used 75389K, capacity 78700K, committed 78872K, reserved 1118208K
  class space    used 9866K, capacity 10527K, committed 10544K, reserved 1048576K
}
Event: 101.464 GC heap before
{Heap before GC invocations=20 (full 3):
 PSYoungGen      total 253440K, used 249288K [0x00000000e0000000, 0x00000000f1400000, 0x0000000100000000)
  eden space 230400K, 100% used [0x00000000e0000000,0x00000000ee100000,0x00000000ee100000)
  from space 23040K, 81% used [0x00000000efd80000,0x00000000f0ff20c0,0x00000000f1400000)
  to   space 26112K, 0% used [0x00000000ee100000,0x00000000ee100000,0x00000000efa80000)
 ParOldGen       total 143872K, used 53400K [0x00000000a0000000, 0x00000000a8c80000, 0x00000000e0000000)
  object space 143872K, 37% used [0x00000000a0000000,0x00000000a3426250,0x00000000a8c80000)
 Metaspace       used 83389K, capacity 86938K, committed 87192K, reserved 1124352K
  class space    used 10879K, capacity 11588K, committed 11696K, reserved 1048576K
Event: 101.525 GC heap after
Heap after GC invocations=20 (full 3):
 PSYoungGen      total 256512K, used 26088K [0x00000000e0000000, 0x00000000f3680000, 0x0000000100000000)
  eden space 230400K, 0% used [0x00000000e0000000,0x00000000e0000000,0x00000000ee100000)
  from space 26112K, 99% used [0x00000000ee100000,0x00000000efa7a120,0x00000000efa80000)
  to   space 33792K, 0% used [0x00000000f1580000,0x00000000f1580000,0x00000000f3680000)
 ParOldGen       total 143872K, used 64705K [0x00000000a0000000, 0x00000000a8c80000, 0x00000000e0000000)
  object space 143872K, 44% used [0x00000000a0000000,0x00000000a3f305e0,0x00000000a8c80000)
 Metaspace       used 83389K, capacity 86938K, committed 87192K, reserved 1124352K
  class space    used 10879K, capacity 11588K, committed 11696K, reserved 1048576K
}

