# JRE version: OpenJDK Runtime Environment (8.0_202-b03) (build 1.8.0_202-release-1483-b03)
# Java VM: OpenJDK 64-Bit Server VM (25.202-b03 mixed mode windows-amd64 compressed oops)
Heap:
 PSYoungGen      total 257024K, used 94622K [0x00000000e0000000, 0x00000000f4480000, 0x0000000100000000)
  eden space 239104K, 32% used [0x00000000e0000000,0x00000000e4aedbb0,0x00000000ee980000)
  from space 17920K, 99% used [0x00000000ee980000,0x00000000efaf9d20,0x00000000efb00000)
  to   space 22016K, 0% used [0x00000000f2f00000,0x00000000f2f00000,0x00000000f4480000)
 ParOldGen       total 122368K, used 45786K [0x00000000a0000000, 0x00000000a7780000, 0x00000000e0000000)
  object space 122368K, 37% used [0x00000000a0000000,0x00000000a2cb6a18,0x00000000a7780000)
 Metaspace       used 67127K, capacity 69488K, committed 69720K, reserved 1110016K
  class space    used 8754K, capacity 9267K, committed 9344K, reserved 1048576K
GC Heap History (10 events):
Event: 15.272 GC heap before
{Heap before GC invocations=12 (full 2):
 PSYoungGen      total 186880K, used 4985K [0x00000000e0000000, 0x00000000ec680000, 0x0000000100000000)
  eden space 174592K, 0% used [0x00000000e0000000,0x00000000e0000000,0x00000000eaa80000)
  from space 12288K, 40% used [0x00000000eb680000,0x00000000ebb5e408,0x00000000ec280000)
  to   space 12288K, 0% used [0x00000000eaa80000,0x00000000eaa80000,0x00000000eb680000)
 ParOldGen       total 51712K, used 14580K [0x00000000a0000000, 0x00000000a3280000, 0x00000000e0000000)
  object space 51712K, 28% used [0x00000000a0000000,0x00000000a0e3d278,0x00000000a3280000)
 Metaspace       used 34734K, capacity 35548K, committed 35748K, reserved 1081344K
  class space    used 4749K, capacity 4943K, committed 4992K, reserved 1048576K
Event: 15.347 GC heap after
Heap after GC invocations=12 (full 2):
 PSYoungGen      total 186880K, used 0K [0x00000000e0000000, 0x00000000ec680000, 0x0000000100000000)
  eden space 174592K, 0% used [0x00000000e0000000,0x00000000e0000000,0x00000000eaa80000)
  from space 12288K, 0% used [0x00000000eb680000,0x00000000eb680000,0x00000000ec280000)
  to   space 12288K, 0% used [0x00000000eaa80000,0x00000000eaa80000,0x00000000eb680000)
 ParOldGen       total 75776K, used 17652K [0x00000000a0000000, 0x00000000a4a00000, 0x00000000e0000000)
  object space 75776K, 23% used [0x00000000a0000000,0x00000000a113d350,0x00000000a4a00000)
 Metaspace       used 34723K, capacity 35512K, committed 35748K, reserved 1081344K
  class space    used 4745K, capacity 4937K, committed 4992K, reserved 1048576K
}
Event: 17.756 GC heap before
{Heap before GC invocations=13 (full 2):
 PSYoungGen      total 186880K, used 174592K [0x00000000e0000000, 0x00000000ec680000, 0x0000000100000000)
  eden space 174592K, 100% used [0x00000000e0000000,0x00000000eaa80000,0x00000000eaa80000)
  from space 12288K, 0% used [0x00000000eb680000,0x00000000eb680000,0x00000000ec280000)
  to   space 12288K, 0% used [0x00000000eaa80000,0x00000000eaa80000,0x00000000eb680000)
 ParOldGen       total 75776K, used 17652K [0x00000000a0000000, 0x00000000a4a00000, 0x00000000e0000000)
  object space 75776K, 23% used [0x00000000a0000000,0x00000000a113d350,0x00000000a4a00000)
 Metaspace       used 48392K, capacity 49550K, committed 49752K, reserved 1091584K
  class space    used 6463K, capacity 6738K, committed 6784K, reserved 1048576K
Event: 17.790 GC heap after
Heap after GC invocations=13 (full 2):
 PSYoungGen      total 186880K, used 12272K [0x00000000e0000000, 0x00000000f0c80000, 0x0000000100000000)
  eden space 174592K, 0% used [0x00000000e0000000,0x00000000e0000000,0x00000000eaa80000)
  from space 12288K, 99% used [0x00000000eaa80000,0x00000000eb67c1b8,0x00000000eb680000)
  to   space 16384K, 0% used [0x00000000efc80000,0x00000000efc80000,0x00000000f0c80000)
 ParOldGen       total 75776K, used 25175K [0x00000000a0000000, 0x00000000a4a00000, 0x00000000e0000000)
  object space 75776K, 33% used [0x00000000a0000000,0x00000000a1895ff0,0x00000000a4a00000)
 Metaspace       used 48392K, capacity 49550K, committed 49752K, reserved 1091584K
  class space    used 6463K, capacity 6738K, committed 6784K, reserved 1048576K
}
Event: 19.839 GC heap before
{Heap before GC invocations=14 (full 2):
 PSYoungGen      total 186880K, used 150694K [0x00000000e0000000, 0x00000000f0c80000, 0x0000000100000000)
  eden space 174592K, 79% used [0x00000000e0000000,0x00000000e872d9e8,0x00000000eaa80000)
  from space 12288K, 99% used [0x00000000eaa80000,0x00000000eb67c1b8,0x00000000eb680000)
  to   space 16384K, 0% used [0x00000000efc80000,0x00000000efc80000,0x00000000f0c80000)
 ParOldGen       total 75776K, used 25175K [0x00000000a0000000, 0x00000000a4a00000, 0x00000000e0000000)
  object space 75776K, 33% used [0x00000000a0000000,0x00000000a1895ff0,0x00000000a4a00000)
 Metaspace       used 57839K, capacity 59382K, committed 59580K, reserved 1101824K
  class space    used 7831K, capacity 8204K, committed 8320K, reserved 1048576K
Event: 19.862 GC heap after
Heap after GC invocations=14 (full 2):
 PSYoungGen      total 255488K, used 14266K [0x00000000e0000000, 0x00000000f0c80000, 0x0000000100000000)
  eden space 239104K, 0% used [0x00000000e0000000,0x00000000e0000000,0x00000000ee980000)
  from space 16384K, 87% used [0x00000000efc80000,0x00000000f0a6eb58,0x00000000f0c80000)
  to   space 17920K, 0% used [0x00000000ee980000,0x00000000ee980000,0x00000000efb00000)
 ParOldGen       total 75776K, used 35663K [0x00000000a0000000, 0x00000000a4a00000, 0x00000000e0000000)
  object space 75776K, 47% used [0x00000000a0000000,0x00000000a22d3d80,0x00000000a4a00000)
 Metaspace       used 57839K, capacity 59382K, committed 59580K, reserved 1101824K
  class space    used 7831K, capacity 8204K, committed 8320K, reserved 1048576K
}
Event: 19.862 GC heap before
{Heap before GC invocations=15 (full 3):
 PSYoungGen      total 255488K, used 14266K [0x00000000e0000000, 0x00000000f0c80000, 0x0000000100000000)
  eden space 239104K, 0% used [0x00000000e0000000,0x00000000e0000000,0x00000000ee980000)
  from space 16384K, 87% used [0x00000000efc80000,0x00000000f0a6eb58,0x00000000f0c80000)
  to   space 17920K, 0% used [0x00000000ee980000,0x00000000ee980000,0x00000000efb00000)
 ParOldGen       total 75776K, used 35663K [0x00000000a0000000, 0x00000000a4a00000, 0x00000000e0000000)
  object space 75776K, 47% used [0x00000000a0000000,0x00000000a22d3d80,0x00000000a4a00000)
 Metaspace       used 57839K, capacity 59382K, committed 59580K, reserved 1101824K
  class space    used 7831K, capacity 8204K, committed 8320K, reserved 1048576K
Event: 20.136 GC heap after
Heap after GC invocations=15 (full 3):
 PSYoungGen      total 255488K, used 0K [0x00000000e0000000, 0x00000000f0c80000, 0x0000000100000000)
  eden space 239104K, 0% used [0x00000000e0000000,0x00000000e0000000,0x00000000ee980000)
  from space 16384K, 0% used [0x00000000efc80000,0x00000000efc80000,0x00000000f0c80000)
  to   space 17920K, 0% used [0x00000000ee980000,0x00000000ee980000,0x00000000efb00000)
 ParOldGen       total 122368K, used 40759K [0x00000000a0000000, 0x00000000a7780000, 0x00000000e0000000)
  object space 122368K, 33% used [0x00000000a0000000,0x00000000a27cdd90,0x00000000a7780000)
 Metaspace       used 57839K, capacity 59382K, committed 59580K, reserved 1101824K
  class space    used 7831K, capacity 8204K, committed 8320K, reserved 1048576K
}
Event: 112.904 GC heap before
{Heap before GC invocations=16 (full 3):
 PSYoungGen      total 255488K, used 239104K [0x00000000e0000000, 0x00000000f0c80000, 0x0000000100000000)
  eden space 239104K, 100% used [0x00000000e0000000,0x00000000ee980000,0x00000000ee980000)
  from space 16384K, 0% used [0x00000000efc80000,0x00000000efc80000,0x00000000f0c80000)
  to   space 17920K, 0% used [0x00000000ee980000,0x00000000ee980000,0x00000000efb00000)
 ParOldGen       total 122368K, used 40759K [0x00000000a0000000, 0x00000000a7780000, 0x00000000e0000000)
  object space 122368K, 33% used [0x00000000a0000000,0x00000000a27cdd90,0x00000000a7780000)
 Metaspace       used 66891K, capacity 69172K, committed 69464K, reserved 1110016K
  class space    used 8750K, capacity 9235K, committed 9344K, reserved 1048576K
Event: 112.937 GC heap after
Heap after GC invocations=16 (full 3):
 PSYoungGen      total 257024K, used 17895K [0x00000000e0000000, 0x00000000f4480000, 0x0000000100000000)
  eden space 239104K, 0% used [0x00000000e0000000,0x00000000e0000000,0x00000000ee980000)
  from space 17920K, 99% used [0x00000000ee980000,0x00000000efaf9d20,0x00000000efb00000)
  to   space 22016K, 0% used [0x00000000f2f00000,0x00000000f2f00000,0x00000000f4480000)
 ParOldGen       total 122368K, used 45786K [0x00000000a0000000, 0x00000000a7780000, 0x00000000e0000000)
  object space 122368K, 37% used [0x00000000a0000000,0x00000000a2cb6a18,0x00000000a7780000)
 Metaspace       used 66891K, capacity 69172K, committed 69464K, reserved 1110016K
  class space    used 8750K, capacity 9235K, committed 9344K, reserved 1048576K
}

