# JRE version: OpenJDK Runtime Environment (8.0_242-b01) (build 1.8.0_242-release-1644-b01)
# Java VM: OpenJDK 64-Bit Server VM (25.242-b01 mixed mode windows-amd64 compressed oops)
Heap:
 PSYoungGen      total 232960K, used 200283K [0x00000000e0000000, 0x00000000f0400000, 0x0000000100000000)
  eden space 205824K, 84% used [0x00000000e0000000,0x00000000eaa66778,0x00000000ec900000)
  from space 27136K, 95% used [0x00000000ee780000,0x00000000f00b0558,0x00000000f0200000)
  to   space 30208K, 0% used [0x00000000ec900000,0x00000000ec900000,0x00000000ee680000)
 ParOldGen       total 146432K, used 64882K [0x00000000a0000000, 0x00000000a8f00000, 0x00000000e0000000)
  object space 146432K, 44% used [0x00000000a0000000,0x00000000a3f5c8b0,0x00000000a8f00000)
 Metaspace       used 91064K, capacity 95186K, committed 95256K, reserved 1132544K
  class space    used 12282K, capacity 13060K, committed 13104K, reserved 1048576K
GC Heap History (10 events):
Event: 11.408 GC heap before
{Heap before GC invocations=15 (full 3):
 PSYoungGen      total 170496K, used 17388K [0x00000000e0000000, 0x00000000ed000000, 0x0000000100000000)
  eden space 153088K, 0% used [0x00000000e0000000,0x00000000e0000000,0x00000000e9580000)
  from space 17408K, 99% used [0x00000000eab00000,0x00000000ebbfb208,0x00000000ebc00000)
  to   space 22016K, 0% used [0x00000000e9580000,0x00000000e9580000,0x00000000eab00000)
 ParOldGen       total 94208K, used 29081K [0x00000000a0000000, 0x00000000a5c00000, 0x00000000e0000000)
  object space 94208K, 30% used [0x00000000a0000000,0x00000000a1c665a8,0x00000000a5c00000)
 Metaspace       used 57002K, capacity 59056K, committed 59160K, reserved 1099776K
  class space    used 7727K, capacity 8179K, committed 8240K, reserved 1048576K
Event: 11.808 GC heap after
Heap after GC invocations=15 (full 3):
 PSYoungGen      total 170496K, used 0K [0x00000000e0000000, 0x00000000ed000000, 0x0000000100000000)
  eden space 153088K, 0% used [0x00000000e0000000,0x00000000e0000000,0x00000000e9580000)
  from space 17408K, 0% used [0x00000000eab00000,0x00000000eab00000,0x00000000ebc00000)
  to   space 22016K, 0% used [0x00000000e9580000,0x00000000e9580000,0x00000000eab00000)
 ParOldGen       total 146432K, used 37606K [0x00000000a0000000, 0x00000000a8f00000, 0x00000000e0000000)
  object space 146432K, 25% used [0x00000000a0000000,0x00000000a24b9978,0x00000000a8f00000)
 Metaspace       used 57002K, capacity 59056K, committed 59160K, reserved 1099776K
  class space    used 7727K, capacity 8179K, committed 8240K, reserved 1048576K
}
Event: 14.489 GC heap before
{Heap before GC invocations=16 (full 3):
 PSYoungGen      total 170496K, used 153088K [0x00000000e0000000, 0x00000000ed000000, 0x0000000100000000)
  eden space 153088K, 100% used [0x00000000e0000000,0x00000000e9580000,0x00000000e9580000)
  from space 17408K, 0% used [0x00000000eab00000,0x00000000eab00000,0x00000000ebc00000)
  to   space 22016K, 0% used [0x00000000e9580000,0x00000000e9580000,0x00000000eab00000)
 ParOldGen       total 146432K, used 37606K [0x00000000a0000000, 0x00000000a8f00000, 0x00000000e0000000)
  object space 146432K, 25% used [0x00000000a0000000,0x00000000a24b9978,0x00000000a8f00000)
 Metaspace       used 63675K, capacity 66504K, committed 66712K, reserved 1105920K
  class space    used 8722K, capacity 9291K, committed 9392K, reserved 1048576K
Event: 14.517 GC heap after
Heap after GC invocations=16 (full 3):
 PSYoungGen      total 175104K, used 16519K [0x00000000e0000000, 0x00000000ee100000, 0x0000000100000000)
  eden space 153088K, 0% used [0x00000000e0000000,0x00000000e0000000,0x00000000e9580000)
  from space 22016K, 75% used [0x00000000e9580000,0x00000000ea5a1c98,0x00000000eab00000)
  to   space 23040K, 0% used [0x00000000eca80000,0x00000000eca80000,0x00000000ee100000)
 ParOldGen       total 146432K, used 37614K [0x00000000a0000000, 0x00000000a8f00000, 0x00000000e0000000)
  object space 146432K, 25% used [0x00000000a0000000,0x00000000a24bb978,0x00000000a8f00000)
 Metaspace       used 63675K, capacity 66504K, committed 66712K, reserved 1105920K
  class space    used 8722K, capacity 9291K, committed 9392K, reserved 1048576K
}
Event: 17.558 GC heap before
{Heap before GC invocations=17 (full 3):
 PSYoungGen      total 175104K, used 169607K [0x00000000e0000000, 0x00000000ee100000, 0x0000000100000000)
  eden space 153088K, 100% used [0x00000000e0000000,0x00000000e9580000,0x00000000e9580000)
  from space 22016K, 75% used [0x00000000e9580000,0x00000000ea5a1c98,0x00000000eab00000)
  to   space 23040K, 0% used [0x00000000eca80000,0x00000000eca80000,0x00000000ee100000)
 ParOldGen       total 146432K, used 37614K [0x00000000a0000000, 0x00000000a8f00000, 0x00000000e0000000)
  object space 146432K, 25% used [0x00000000a0000000,0x00000000a24bb978,0x00000000a8f00000)
 Metaspace       used 65930K, capacity 68800K, committed 69016K, reserved 1107968K
  class space    used 8968K, capacity 9539K, committed 9648K, reserved 1048576K
Event: 17.592 GC heap after
Heap after GC invocations=17 (full 3):
 PSYoungGen      total 201728K, used 23037K [0x00000000e0000000, 0x00000000ee980000, 0x0000000100000000)
  eden space 178688K, 0% used [0x00000000e0000000,0x00000000e0000000,0x00000000eae80000)
  from space 23040K, 99% used [0x00000000eca80000,0x00000000ee0ff4f0,0x00000000ee100000)
  to   space 28672K, 0% used [0x00000000eae80000,0x00000000eae80000,0x00000000eca80000)
 ParOldGen       total 146432K, used 43055K [0x00000000a0000000, 0x00000000a8f00000, 0x00000000e0000000)
  object space 146432K, 29% used [0x00000000a0000000,0x00000000a2a0bf58,0x00000000a8f00000)
 Metaspace       used 65930K, capacity 68800K, committed 69016K, reserved 1107968K
  class space    used 8968K, capacity 9539K, committed 9648K, reserved 1048576K
}
Event: 22.229 GC heap before
{Heap before GC invocations=18 (full 3):
 PSYoungGen      total 201728K, used 201725K [0x00000000e0000000, 0x00000000ee980000, 0x0000000100000000)
  eden space 178688K, 100% used [0x00000000e0000000,0x00000000eae80000,0x00000000eae80000)
  from space 23040K, 99% used [0x00000000eca80000,0x00000000ee0ff4f0,0x00000000ee100000)
  to   space 28672K, 0% used [0x00000000eae80000,0x00000000eae80000,0x00000000eca80000)
 ParOldGen       total 146432K, used 43055K [0x00000000a0000000, 0x00000000a8f00000, 0x00000000e0000000)
  object space 146432K, 29% used [0x00000000a0000000,0x00000000a2a0bf58,0x00000000a8f00000)
 Metaspace       used 72015K, capacity 75204K, committed 75416K, reserved 1114112K
  class space    used 9722K, capacity 10351K, committed 10416K, reserved 1048576K
Event: 22.279 GC heap after
Heap after GC invocations=18 (full 3):
 PSYoungGen      total 207360K, used 12378K [0x00000000e0000000, 0x00000000f0200000, 0x0000000100000000)
  eden space 178688K, 0% used [0x00000000e0000000,0x00000000e0000000,0x00000000eae80000)
  from space 28672K, 43% used [0x00000000eae80000,0x00000000eba96810,0x00000000eca80000)
  to   space 27136K, 0% used [0x00000000ee780000,0x00000000ee780000,0x00000000f0200000)
 ParOldGen       total 146432K, used 64874K [0x00000000a0000000, 0x00000000a8f00000, 0x00000000e0000000)
  object space 146432K, 44% used [0x00000000a0000000,0x00000000a3f5a8b0,0x00000000a8f00000)
 Metaspace       used 72015K, capacity 75204K, committed 75416K, reserved 1114112K
  class space    used 9722K, capacity 10351K, committed 10416K, reserved 1048576K
}
Event: 29.143 GC heap before
{Heap before GC invocations=19 (full 3):
 PSYoungGen      total 207360K, used 191066K [0x00000000e0000000, 0x00000000f0200000, 0x0000000100000000)
  eden space 178688K, 100% used [0x00000000e0000000,0x00000000eae80000,0x00000000eae80000)
  from space 28672K, 43% used [0x00000000eae80000,0x00000000eba96810,0x00000000eca80000)
  to   space 27136K, 0% used [0x00000000ee780000,0x00000000ee780000,0x00000000f0200000)
 ParOldGen       total 146432K, used 64874K [0x00000000a0000000, 0x00000000a8f00000, 0x00000000e0000000)
  object space 146432K, 44% used [0x00000000a0000000,0x00000000a3f5a8b0,0x00000000a8f00000)
 Metaspace       used 80342K, capacity 83830K, committed 84120K, reserved 1122304K
  class space    used 10897K, capacity 11600K, committed 11696K, reserved 1048576K
Event: 29.179 GC heap after
Heap after GC invocations=19 (full 3):
 PSYoungGen      total 232960K, used 25793K [0x00000000e0000000, 0x00000000f0400000, 0x0000000100000000)
  eden space 205824K, 0% used [0x00000000e0000000,0x00000000e0000000,0x00000000ec900000)
  from space 27136K, 95% used [0x00000000ee780000,0x00000000f00b0558,0x00000000f0200000)
  to   space 30208K, 0% used [0x00000000ec900000,0x00000000ec900000,0x00000000ee680000)
 ParOldGen       total 146432K, used 64882K [0x00000000a0000000, 0x00000000a8f00000, 0x00000000e0000000)
  object space 146432K, 44% used [0x00000000a0000000,0x00000000a3f5c8b0,0x00000000a8f00000)
 Metaspace       used 80342K, capacity 83830K, committed 84120K, reserved 1122304K
  class space    used 10897K, capacity 11600K, committed 11696K, reserved 1048576K
}

