# JRE version: OpenJDK Runtime Environment (8.0_202-b03) (build 1.8.0_202-release-1483-b03)
# Java VM: OpenJDK 64-Bit Server VM (25.202-b03 mixed mode windows-amd64 compressed oops)
Heap:
 PSYoungGen      total 484352K, used 210495K [0x00000000e0000000, 0x00000000ffd80000, 0x0000000100000000)
  eden space 450048K, 44% used [0x00000000e0000000,0x00000000ec59aa18,0x00000000fb780000)
  from space 34304K, 23% used [0x00000000fdc00000,0x00000000fe3f5508,0x00000000ffd80000)
  to   space 35840K, 0% used [0x00000000fb780000,0x00000000fb780000,0x00000000fda80000)
 ParOldGen       total 203776K, used 81626K [0x00000000a0000000, 0x00000000ac700000, 0x00000000e0000000)
  object space 203776K, 40% used [0x00000000a0000000,0x00000000a4fb6a00,0x00000000ac700000)
 Metaspace       used 87906K, capacity 91316K, committed 91608K, reserved 1128448K
  class space    used 11330K, capacity 12001K, committed 12032K, reserved 1048576K
GC Heap History (10 events):
Event: 141.661 GC heap before
{Heap before GC invocations=26 (full 4):
 PSYoungGen      total 398336K, used 393872K [0x00000000e0000000, 0x00000000fe780000, 0x0000000100000000)
  eden space 366080K, 100% used [0x00000000e0000000,0x00000000f6580000,0x00000000f6580000)
  from space 32256K, 86% used [0x00000000f6580000,0x00000000f80a41e0,0x00000000f8500000)
  to   space 35840K, 0% used [0x00000000fc480000,0x00000000fc480000,0x00000000fe780000)
 ParOldGen       total 203776K, used 77102K [0x00000000a0000000, 0x00000000ac700000, 0x00000000e0000000)
  object space 203776K, 37% used [0x00000000a0000000,0x00000000a4b4b9e0,0x00000000ac700000)
 Metaspace       used 87451K, capacity 90748K, committed 91096K, reserved 1128448K
  class space    used 11281K, capacity 11911K, committed 12032K, reserved 1048576K
Event: 141.906 GC heap after
Heap after GC invocations=26 (full 4):
 PSYoungGen      total 460288K, used 29076K [0x00000000e0000000, 0x00000000ffe00000, 0x0000000100000000)
  eden space 424448K, 0% used [0x00000000e0000000,0x00000000e0000000,0x00000000f9e80000)
  from space 35840K, 81% used [0x00000000fc480000,0x00000000fe0e5180,0x00000000fe780000)
  to   space 38912K, 0% used [0x00000000f9e80000,0x00000000f9e80000,0x00000000fc480000)
 ParOldGen       total 203776K, used 77102K [0x00000000a0000000, 0x00000000ac700000, 0x00000000e0000000)
  object space 203776K, 37% used [0x00000000a0000000,0x00000000a4b4b9e0,0x00000000ac700000)
 Metaspace       used 87451K, capacity 90748K, committed 91096K, reserved 1128448K
  class space    used 11281K, capacity 11911K, committed 12032K, reserved 1048576K
}
Event: 154.014 GC heap before
{Heap before GC invocations=27 (full 4):
 PSYoungGen      total 460288K, used 453524K [0x00000000e0000000, 0x00000000ffe00000, 0x0000000100000000)
  eden space 424448K, 100% used [0x00000000e0000000,0x00000000f9e80000,0x00000000f9e80000)
  from space 35840K, 81% used [0x00000000fc480000,0x00000000fe0e5180,0x00000000fe780000)
  to   space 38912K, 0% used [0x00000000f9e80000,0x00000000f9e80000,0x00000000fc480000)
 ParOldGen       total 203776K, used 77102K [0x00000000a0000000, 0x00000000ac700000, 0x00000000e0000000)
  object space 203776K, 37% used [0x00000000a0000000,0x00000000a4b4b9e0,0x00000000ac700000)
 Metaspace       used 87476K, capacity 90812K, committed 91096K, reserved 1128448K
  class space    used 11282K, capacity 11911K, committed 12032K, reserved 1048576K
Event: 154.078 GC heap after
Heap after GC invocations=27 (full 4):
 PSYoungGen      total 463360K, used 21412K [0x00000000e0000000, 0x0000000100000000, 0x0000000100000000)
  eden space 424448K, 0% used [0x00000000e0000000,0x00000000e0000000,0x00000000f9e80000)
  from space 38912K, 55% used [0x00000000f9e80000,0x00000000fb3690d8,0x00000000fc480000)
  to   space 38400K, 0% used [0x00000000fda80000,0x00000000fda80000,0x0000000100000000)
 ParOldGen       total 203776K, used 81370K [0x00000000a0000000, 0x00000000ac700000, 0x00000000e0000000)
  object space 203776K, 39% used [0x00000000a0000000,0x00000000a4f76a00,0x00000000ac700000)
 Metaspace       used 87476K, capacity 90812K, committed 91096K, reserved 1128448K
  class space    used 11282K, capacity 11911K, committed 12032K, reserved 1048576K
}
Event: 157.700 GC heap before
{Heap before GC invocations=28 (full 4):
 PSYoungGen      total 463360K, used 445860K [0x00000000e0000000, 0x0000000100000000, 0x0000000100000000)
  eden space 424448K, 100% used [0x00000000e0000000,0x00000000f9e80000,0x00000000f9e80000)
  from space 38912K, 55% used [0x00000000f9e80000,0x00000000fb3690d8,0x00000000fc480000)
  to   space 38400K, 0% used [0x00000000fda80000,0x00000000fda80000,0x0000000100000000)
 ParOldGen       total 203776K, used 81370K [0x00000000a0000000, 0x00000000ac700000, 0x00000000e0000000)
  object space 203776K, 39% used [0x00000000a0000000,0x00000000a4f76a00,0x00000000ac700000)
 Metaspace       used 87495K, capacity 90812K, committed 91096K, reserved 1128448K
  class space    used 11284K, capacity 11911K, committed 12032K, reserved 1048576K
Event: 157.716 GC heap after
Heap after GC invocations=28 (full 4):
 PSYoungGen      total 482816K, used 10474K [0x00000000e0000000, 0x00000000ffd80000, 0x0000000100000000)
  eden space 446976K, 0% used [0x00000000e0000000,0x00000000e0000000,0x00000000fb480000)
  from space 35840K, 29% used [0x00000000fda80000,0x00000000fe4ba950,0x00000000ffd80000)
  to   space 37376K, 0% used [0x00000000fb480000,0x00000000fb480000,0x00000000fd900000)
 ParOldGen       total 203776K, used 81618K [0x00000000a0000000, 0x00000000ac700000, 0x00000000e0000000)
  object space 203776K, 40% used [0x00000000a0000000,0x00000000a4fb4a00,0x00000000ac700000)
 Metaspace       used 87495K, capacity 90812K, committed 91096K, reserved 1128448K
  class space    used 11284K, capacity 11911K, committed 12032K, reserved 1048576K
}
Event: 159.834 GC heap before
{Heap before GC invocations=29 (full 4):
 PSYoungGen      total 482816K, used 457450K [0x00000000e0000000, 0x00000000ffd80000, 0x0000000100000000)
  eden space 446976K, 100% used [0x00000000e0000000,0x00000000fb480000,0x00000000fb480000)
  from space 35840K, 29% used [0x00000000fda80000,0x00000000fe4ba950,0x00000000ffd80000)
  to   space 37376K, 0% used [0x00000000fb480000,0x00000000fb480000,0x00000000fd900000)
 ParOldGen       total 203776K, used 81618K [0x00000000a0000000, 0x00000000ac700000, 0x00000000e0000000)
  object space 203776K, 40% used [0x00000000a0000000,0x00000000a4fb4a00,0x00000000ac700000)
 Metaspace       used 87523K, capacity 90812K, committed 91096K, reserved 1128448K
  class space    used 11284K, capacity 11911K, committed 12032K, reserved 1048576K
Event: 159.864 GC heap after
Heap after GC invocations=29 (full 4):
 PSYoungGen      total 484352K, used 8980K [0x00000000e0000000, 0x0000000100000000, 0x0000000100000000)
  eden space 446976K, 0% used [0x00000000e0000000,0x00000000e0000000,0x00000000fb480000)
  from space 37376K, 24% used [0x00000000fb480000,0x00000000fbd45090,0x00000000fd900000)
  to   space 36864K, 0% used [0x00000000fdc00000,0x00000000fdc00000,0x0000000100000000)
 ParOldGen       total 203776K, used 81618K [0x00000000a0000000, 0x00000000ac700000, 0x00000000e0000000)
  object space 203776K, 40% used [0x00000000a0000000,0x00000000a4fb4a00,0x00000000ac700000)
 Metaspace       used 87523K, capacity 90812K, committed 91096K, reserved 1128448K
  class space    used 11284K, capacity 11911K, committed 12032K, reserved 1048576K
}
Event: 167.564 GC heap before
{Heap before GC invocations=30 (full 4):
 PSYoungGen      total 484352K, used 455956K [0x00000000e0000000, 0x0000000100000000, 0x0000000100000000)
  eden space 446976K, 100% used [0x00000000e0000000,0x00000000fb480000,0x00000000fb480000)
  from space 37376K, 24% used [0x00000000fb480000,0x00000000fbd45090,0x00000000fd900000)
  to   space 36864K, 0% used [0x00000000fdc00000,0x00000000fdc00000,0x0000000100000000)
 ParOldGen       total 203776K, used 81618K [0x00000000a0000000, 0x00000000ac700000, 0x00000000e0000000)
  object space 203776K, 40% used [0x00000000a0000000,0x00000000a4fb4a00,0x00000000ac700000)
 Metaspace       used 87805K, capacity 91174K, committed 91352K, reserved 1128448K
  class space    used 11328K, capacity 11998K, committed 12032K, reserved 1048576K
Event: 167.785 GC heap after
Heap after GC invocations=30 (full 4):
 PSYoungGen      total 484352K, used 8149K [0x00000000e0000000, 0x00000000ffd80000, 0x0000000100000000)
  eden space 450048K, 0% used [0x00000000e0000000,0x00000000e0000000,0x00000000fb780000)
  from space 34304K, 23% used [0x00000000fdc00000,0x00000000fe3f5508,0x00000000ffd80000)
  to   space 35840K, 0% used [0x00000000fb780000,0x00000000fb780000,0x00000000fda80000)
 ParOldGen       total 203776K, used 81626K [0x00000000a0000000, 0x00000000ac700000, 0x00000000e0000000)
  object space 203776K, 40% used [0x00000000a0000000,0x00000000a4fb6a00,0x00000000ac700000)
 Metaspace       used 87805K, capacity 91174K, committed 91352K, reserved 1128448K
  class space    used 11328K, capacity 11998K, committed 12032K, reserved 1048576K
}

