# JRE version: OpenJDK Runtime Environment (8.0_202-b03) (build 1.8.0_202-release-1483-b03)
# Java VM: OpenJDK 64-Bit Server VM (25.202-b03 mixed mode windows-amd64 compressed oops)
Heap:
 PSYoungGen      total 399872K, used 370176K [0x00000000e0000000, 0x00000000fc180000, 0x0000000100000000)
  eden space 370176K, 100% used [0x00000000e0000000,0x00000000f6980000,0x00000000f6980000)
  from space 29696K, 0% used [0x00000000fa480000,0x00000000fa480000,0x00000000fc180000)
  to   space 43008K, 0% used [0x00000000f6d80000,0x00000000f6d80000,0x00000000f9780000)
 ParOldGen       total 105472K, used 105441K [0x00000000a0000000, 0x00000000a6700000, 0x00000000e0000000)
  object space 105472K, 99% used [0x00000000a0000000,0x00000000a66f8510,0x00000000a6700000)
 Metaspace       used 110520K, capacity 116398K, committed 116696K, reserved 1150976K
  class space    used 14087K, capacity 15206K, committed 15320K, reserved 1048576K
GC Heap History (10 events):
Event: 968.154 GC heap before
{Heap before GC invocations=21 (full 3):
 PSYoungGen      total 399872K, used 394631K [0x00000000e0000000, 0x00000000fd180000, 0x0000000100000000)
  eden space 369664K, 100% used [0x00000000e0000000,0x00000000f6900000,0x00000000f6900000)
  from space 30208K, 82% used [0x00000000f6900000,0x00000000f8161e50,0x00000000f8680000)
  to   space 33280K, 0% used [0x00000000fb100000,0x00000000fb100000,0x00000000fd180000)
 ParOldGen       total 105472K, used 65993K [0x00000000a0000000, 0x00000000a6700000, 0x00000000e0000000)
  object space 105472K, 62% used [0x00000000a0000000,0x00000000a4072760,0x00000000a6700000)
 Metaspace       used 88995K, capacity 93820K, committed 94040K, reserved 1130496K
  class space    used 11439K, capacity 12351K, committed 12376K, reserved 1048576K
Event: 968.183 GC heap after
Heap after GC invocations=21 (full 3):
 PSYoungGen      total 437248K, used 33269K [0x00000000e0000000, 0x00000000fd880000, 0x0000000100000000)
  eden space 403968K, 0% used [0x00000000e0000000,0x00000000e0000000,0x00000000f8a80000)
  from space 33280K, 99% used [0x00000000fb100000,0x00000000fd17d698,0x00000000fd180000)
  to   space 39424K, 0% used [0x00000000f8a80000,0x00000000f8a80000,0x00000000fb100000)
 ParOldGen       total 105472K, used 68858K [0x00000000a0000000, 0x00000000a6700000, 0x00000000e0000000)
  object space 105472K, 65% used [0x00000000a0000000,0x00000000a433eb30,0x00000000a6700000)
 Metaspace       used 88995K, capacity 93820K, committed 94040K, reserved 1130496K
  class space    used 11439K, capacity 12351K, committed 12376K, reserved 1048576K
}
Event: 1167.214 GC heap before
{Heap before GC invocations=22 (full 3):
 PSYoungGen      total 437248K, used 437237K [0x00000000e0000000, 0x00000000fd880000, 0x0000000100000000)
  eden space 403968K, 100% used [0x00000000e0000000,0x00000000f8a80000,0x00000000f8a80000)
  from space 33280K, 99% used [0x00000000fb100000,0x00000000fd17d698,0x00000000fd180000)
  to   space 39424K, 0% used [0x00000000f8a80000,0x00000000f8a80000,0x00000000fb100000)
 ParOldGen       total 105472K, used 68858K [0x00000000a0000000, 0x00000000a6700000, 0x00000000e0000000)
  object space 105472K, 65% used [0x00000000a0000000,0x00000000a433eb30,0x00000000a6700000)
 Metaspace       used 91760K, capacity 96722K, committed 96984K, reserved 1134592K
  class space    used 11787K, capacity 12730K, committed 12760K, reserved 1048576K
Event: 1167.266 GC heap after
Heap after GC invocations=22 (full 3):
 PSYoungGen      total 413184K, used 26308K [0x00000000e0000000, 0x00000000fc880000, 0x0000000100000000)
  eden space 386560K, 0% used [0x00000000e0000000,0x00000000e0000000,0x00000000f7980000)
  from space 26624K, 98% used [0x00000000f8a80000,0x00000000fa4313b8,0x00000000fa480000)
  to   space 36864K, 0% used [0x00000000fa480000,0x00000000fa480000,0x00000000fc880000)
 ParOldGen       total 105472K, used 83141K [0x00000000a0000000, 0x00000000a6700000, 0x00000000e0000000)
  object space 105472K, 78% used [0x00000000a0000000,0x00000000a5131428,0x00000000a6700000)
 Metaspace       used 91760K, capacity 96722K, committed 96984K, reserved 1134592K
  class space    used 11787K, capacity 12730K, committed 12760K, reserved 1048576K
}
Event: 1178.708 GC heap before
{Heap before GC invocations=23 (full 3):
 PSYoungGen      total 413184K, used 408217K [0x00000000e0000000, 0x00000000fc880000, 0x0000000100000000)
  eden space 386560K, 98% used [0x00000000e0000000,0x00000000f74f52e8,0x00000000f7980000)
  from space 26624K, 98% used [0x00000000f8a80000,0x00000000fa4313b8,0x00000000fa480000)
  to   space 36864K, 0% used [0x00000000fa480000,0x00000000fa480000,0x00000000fc880000)
 ParOldGen       total 105472K, used 83141K [0x00000000a0000000, 0x00000000a6700000, 0x00000000e0000000)
  object space 105472K, 78% used [0x00000000a0000000,0x00000000a5131428,0x00000000a6700000)
 Metaspace       used 93345K, capacity 98290K, committed 98380K, reserved 1134592K
  class space    used 11977K, capacity 12942K, committed 13016K, reserved 1048576K
Event: 1178.737 GC heap after
Heap after GC invocations=23 (full 3):
 PSYoungGen      total 399872K, used 29650K [0x00000000e0000000, 0x00000000fc180000, 0x0000000100000000)
  eden space 370176K, 0% used [0x00000000e0000000,0x00000000e0000000,0x00000000f6980000)
  from space 29696K, 99% used [0x00000000fa480000,0x00000000fc174be0,0x00000000fc180000)
  to   space 43008K, 0% used [0x00000000f6d80000,0x00000000f6d80000,0x00000000f9780000)
 ParOldGen       total 105472K, used 83149K [0x00000000a0000000, 0x00000000a6700000, 0x00000000e0000000)
  object space 105472K, 78% used [0x00000000a0000000,0x00000000a5133428,0x00000000a6700000)
 Metaspace       used 93345K, capacity 98290K, committed 98380K, reserved 1134592K
  class space    used 11977K, capacity 12942K, committed 13016K, reserved 1048576K
}
Event: 1178.737 GC heap before
{Heap before GC invocations=24 (full 4):
 PSYoungGen      total 399872K, used 29650K [0x00000000e0000000, 0x00000000fc180000, 0x0000000100000000)
  eden space 370176K, 0% used [0x00000000e0000000,0x00000000e0000000,0x00000000f6980000)
  from space 29696K, 99% used [0x00000000fa480000,0x00000000fc174be0,0x00000000fc180000)
  to   space 43008K, 0% used [0x00000000f6d80000,0x00000000f6d80000,0x00000000f9780000)
 ParOldGen       total 105472K, used 83149K [0x00000000a0000000, 0x00000000a6700000, 0x00000000e0000000)
  object space 105472K, 78% used [0x00000000a0000000,0x00000000a5133428,0x00000000a6700000)
 Metaspace       used 93345K, capacity 98290K, committed 98380K, reserved 1134592K
  class space    used 11977K, capacity 12942K, committed 13016K, reserved 1048576K
Event: 1179.125 GC heap after
Heap after GC invocations=24 (full 4):
 PSYoungGen      total 399872K, used 0K [0x00000000e0000000, 0x00000000fc180000, 0x0000000100000000)
  eden space 370176K, 0% used [0x00000000e0000000,0x00000000e0000000,0x00000000f6980000)
  from space 29696K, 0% used [0x00000000fa480000,0x00000000fa480000,0x00000000fc180000)
  to   space 43008K, 0% used [0x00000000f6d80000,0x00000000f6d80000,0x00000000f9780000)
 ParOldGen       total 105472K, used 92358K [0x00000000a0000000, 0x00000000a6700000, 0x00000000e0000000)
  object space 105472K, 87% used [0x00000000a0000000,0x00000000a5a31a98,0x00000000a6700000)
 Metaspace       used 93261K, capacity 98036K, committed 98380K, reserved 1134592K
  class space    used 11952K, capacity 12903K, committed 13016K, reserved 1048576K
}
Event: 1188.309 GC heap before
{Heap before GC invocations=25 (full 5):
 PSYoungGen      total 399872K, used 370176K [0x00000000e0000000, 0x00000000fc180000, 0x0000000100000000)
  eden space 370176K, 100% used [0x00000000e0000000,0x00000000f6980000,0x00000000f6980000)
  from space 29696K, 0% used [0x00000000fa480000,0x00000000fa480000,0x00000000fc180000)
  to   space 43008K, 0% used [0x00000000f6d80000,0x00000000f6d80000,0x00000000f9780000)
 ParOldGen       total 105472K, used 92358K [0x00000000a0000000, 0x00000000a6700000, 0x00000000e0000000)
  object space 105472K, 87% used [0x00000000a0000000,0x00000000a5a31a98,0x00000000a6700000)
 Metaspace       used 102185K, capacity 107154K, committed 107480K, reserved 1142784K
  class space    used 12937K, capacity 13924K, committed 14040K, reserved 1048576K
Event: 1188.976 GC heap after
Heap after GC invocations=25 (full 5):
 PSYoungGen      total 399872K, used 6669K [0x00000000e0000000, 0x00000000fc180000, 0x0000000100000000)
  eden space 370176K, 1% used [0x00000000e0000000,0x00000000e0683770,0x00000000f6980000)
  from space 29696K, 0% used [0x00000000fa480000,0x00000000fa480000,0x00000000fc180000)
  to   space 43008K, 0% used [0x00000000f6d80000,0x00000000f6d80000,0x00000000f9780000)
 ParOldGen       total 105472K, used 105441K [0x00000000a0000000, 0x00000000a6700000, 0x00000000e0000000)
  object space 105472K, 99% used [0x00000000a0000000,0x00000000a66f8510,0x00000000a6700000)
 Metaspace       used 102185K, capacity 107154K, committed 107480K, reserved 1142784K
  class space    used 12937K, capacity 13924K, committed 14040K, reserved 1048576K
}

