# JRE version: OpenJDK Runtime Environment (8.0_202-b03) (build 1.8.0_202-release-1483-b03)
# Java VM: OpenJDK 64-Bit Server VM (25.202-b03 mixed mode windows-amd64 compressed oops)
Heap:
 PSYoungGen      total 226816K, used 104950K [0x00000000e0000000, 0x00000000f2500000, 0x0000000100000000)
  eden space 206848K, 41% used [0x00000000e0000000,0x00000000e53002a8,0x00000000eca00000)
  from space 19968K, 99% used [0x00000000eca00000,0x00000000edd7d630,0x00000000edd80000)
  to   space 23040K, 0% used [0x00000000f0e80000,0x00000000f0e80000,0x00000000f2500000)
 ParOldGen       total 79872K, used 35139K [0x00000000a0000000, 0x00000000a4e00000, 0x00000000e0000000)
  object space 79872K, 43% used [0x00000000a0000000,0x00000000a2250e28,0x00000000a4e00000)
 Metaspace       used 65251K, capacity 67450K, committed 67544K, reserved 1107968K
  class space    used 8737K, capacity 9212K, committed 9216K, reserved 1048576K
GC Heap History (10 events):
Event: 11.009 GC heap before
{Heap before GC invocations=12 (full 2):
 PSYoungGen      total 130560K, used 119808K [0x00000000e0000000, 0x00000000ec480000, 0x0000000100000000)
  eden space 119808K, 100% used [0x00000000e0000000,0x00000000e7500000,0x00000000e7500000)
  from space 10752K, 0% used [0x00000000e7500000,0x00000000e7500000,0x00000000e7f80000)
  to   space 12288K, 0% used [0x00000000eb880000,0x00000000eb880000,0x00000000ec480000)
 ParOldGen       total 79872K, used 18446K [0x00000000a0000000, 0x00000000a4e00000, 0x00000000e0000000)
  object space 79872K, 23% used [0x00000000a0000000,0x00000000a12039e8,0x00000000a4e00000)
 Metaspace       used 46094K, capacity 47188K, committed 47488K, reserved 1089536K
  class space    used 6169K, capacity 6412K, committed 6528K, reserved 1048576K
Event: 11.022 GC heap after
Heap after GC invocations=12 (full 2):
 PSYoungGen      total 169984K, used 12279K [0x00000000e0000000, 0x00000000ec480000, 0x0000000100000000)
  eden space 157696K, 0% used [0x00000000e0000000,0x00000000e0000000,0x00000000e9a00000)
  from space 12288K, 99% used [0x00000000eb880000,0x00000000ec47dd98,0x00000000ec480000)
  to   space 14848K, 0% used [0x00000000ea780000,0x00000000ea780000,0x00000000eb600000)
 ParOldGen       total 79872K, used 21924K [0x00000000a0000000, 0x00000000a4e00000, 0x00000000e0000000)
  object space 79872K, 27% used [0x00000000a0000000,0x00000000a1569130,0x00000000a4e00000)
 Metaspace       used 46094K, capacity 47188K, committed 47488K, reserved 1089536K
  class space    used 6169K, capacity 6412K, committed 6528K, reserved 1048576K
}
Event: 12.508 GC heap before
{Heap before GC invocations=13 (full 2):
 PSYoungGen      total 169984K, used 169975K [0x00000000e0000000, 0x00000000ec480000, 0x0000000100000000)
  eden space 157696K, 100% used [0x00000000e0000000,0x00000000e9a00000,0x00000000e9a00000)
  from space 12288K, 99% used [0x00000000eb880000,0x00000000ec47dd98,0x00000000ec480000)
  to   space 14848K, 0% used [0x00000000ea780000,0x00000000ea780000,0x00000000eb600000)
 ParOldGen       total 79872K, used 21924K [0x00000000a0000000, 0x00000000a4e00000, 0x00000000e0000000)
  object space 79872K, 27% used [0x00000000a0000000,0x00000000a1569130,0x00000000a4e00000)
 Metaspace       used 55392K, capacity 56968K, committed 57216K, reserved 1099776K
  class space    used 7439K, capacity 7797K, committed 7808K, reserved 1048576K
Event: 12.531 GC heap after
Heap after GC invocations=13 (full 2):
 PSYoungGen      total 186368K, used 14818K [0x00000000e0000000, 0x00000000ef100000, 0x0000000100000000)
  eden space 171520K, 0% used [0x00000000e0000000,0x00000000e0000000,0x00000000ea780000)
  from space 14848K, 99% used [0x00000000ea780000,0x00000000eb5f8968,0x00000000eb600000)
  to   space 19968K, 0% used [0x00000000edd80000,0x00000000edd80000,0x00000000ef100000)
 ParOldGen       total 79872K, used 30567K [0x00000000a0000000, 0x00000000a4e00000, 0x00000000e0000000)
  object space 79872K, 38% used [0x00000000a0000000,0x00000000a1dd9d70,0x00000000a4e00000)
 Metaspace       used 55392K, capacity 56968K, committed 57216K, reserved 1099776K
  class space    used 7439K, capacity 7797K, committed 7808K, reserved 1048576K
}
Event: 12.800 GC heap before
{Heap before GC invocations=14 (full 2):
 PSYoungGen      total 186368K, used 44442K [0x00000000e0000000, 0x00000000ef100000, 0x0000000100000000)
  eden space 171520K, 17% used [0x00000000e0000000,0x00000000e1cee0d8,0x00000000ea780000)
  from space 14848K, 99% used [0x00000000ea780000,0x00000000eb5f8968,0x00000000eb600000)
  to   space 19968K, 0% used [0x00000000edd80000,0x00000000edd80000,0x00000000ef100000)
 ParOldGen       total 79872K, used 30567K [0x00000000a0000000, 0x00000000a4e00000, 0x00000000e0000000)
  object space 79872K, 38% used [0x00000000a0000000,0x00000000a1dd9d70,0x00000000a4e00000)
 Metaspace       used 57443K, capacity 59038K, committed 59096K, reserved 1099776K
  class space    used 7763K, capacity 8158K, committed 8192K, reserved 1048576K
Event: 12.819 GC heap after
Heap after GC invocations=14 (full 2):
 PSYoungGen      total 226816K, used 2378K [0x00000000e0000000, 0x00000000f1000000, 0x0000000100000000)
  eden space 206848K, 0% used [0x00000000e0000000,0x00000000e0000000,0x00000000eca00000)
  from space 19968K, 11% used [0x00000000edd80000,0x00000000edfd2870,0x00000000ef100000)
  to   space 19968K, 0% used [0x00000000eca00000,0x00000000eca00000,0x00000000edd80000)
 ParOldGen       total 79872K, used 39626K [0x00000000a0000000, 0x00000000a4e00000, 0x00000000e0000000)
  object space 79872K, 49% used [0x00000000a0000000,0x00000000a26b2aa8,0x00000000a4e00000)
 Metaspace       used 57443K, capacity 59038K, committed 59096K, reserved 1099776K
  class space    used 7763K, capacity 8158K, committed 8192K, reserved 1048576K
}
Event: 12.819 GC heap before
{Heap before GC invocations=15 (full 3):
 PSYoungGen      total 226816K, used 2378K [0x00000000e0000000, 0x00000000f1000000, 0x0000000100000000)
  eden space 206848K, 0% used [0x00000000e0000000,0x00000000e0000000,0x00000000eca00000)
  from space 19968K, 11% used [0x00000000edd80000,0x00000000edfd2870,0x00000000ef100000)
  to   space 19968K, 0% used [0x00000000eca00000,0x00000000eca00000,0x00000000edd80000)
 ParOldGen       total 79872K, used 39626K [0x00000000a0000000, 0x00000000a4e00000, 0x00000000e0000000)
  object space 79872K, 49% used [0x00000000a0000000,0x00000000a26b2aa8,0x00000000a4e00000)
 Metaspace       used 57443K, capacity 59038K, committed 59096K, reserved 1099776K
  class space    used 7763K, capacity 8158K, committed 8192K, reserved 1048576K
Event: 13.120 GC heap after
Heap after GC invocations=15 (full 3):
 PSYoungGen      total 226816K, used 0K [0x00000000e0000000, 0x00000000f1000000, 0x0000000100000000)
  eden space 206848K, 0% used [0x00000000e0000000,0x00000000e0000000,0x00000000eca00000)
  from space 19968K, 0% used [0x00000000edd80000,0x00000000edd80000,0x00000000ef100000)
  to   space 19968K, 0% used [0x00000000eca00000,0x00000000eca00000,0x00000000edd80000)
 ParOldGen       total 79872K, used 34553K [0x00000000a0000000, 0x00000000a4e00000, 0x00000000e0000000)
  object space 79872K, 43% used [0x00000000a0000000,0x00000000a21be668,0x00000000a4e00000)
 Metaspace       used 57443K, capacity 59038K, committed 59096K, reserved 1099776K
  class space    used 7763K, capacity 8158K, committed 8192K, reserved 1048576K
}
Event: 17.361 GC heap before
{Heap before GC invocations=16 (full 3):
 PSYoungGen      total 226816K, used 206848K [0x00000000e0000000, 0x00000000f1000000, 0x0000000100000000)
  eden space 206848K, 100% used [0x00000000e0000000,0x00000000eca00000,0x00000000eca00000)
  from space 19968K, 0% used [0x00000000edd80000,0x00000000edd80000,0x00000000ef100000)
  to   space 19968K, 0% used [0x00000000eca00000,0x00000000eca00000,0x00000000edd80000)
 ParOldGen       total 79872K, used 34553K [0x00000000a0000000, 0x00000000a4e00000, 0x00000000e0000000)
  object space 79872K, 43% used [0x00000000a0000000,0x00000000a21be668,0x00000000a4e00000)
 Metaspace       used 63421K, capacity 65550K, committed 65880K, reserved 1105920K
  class space    used 8514K, capacity 8996K, committed 9088K, reserved 1048576K
Event: 17.379 GC heap after
Heap after GC invocations=16 (full 3):
 PSYoungGen      total 226816K, used 19957K [0x00000000e0000000, 0x00000000f2500000, 0x0000000100000000)
  eden space 206848K, 0% used [0x00000000e0000000,0x00000000e0000000,0x00000000eca00000)
  from space 19968K, 99% used [0x00000000eca00000,0x00000000edd7d630,0x00000000edd80000)
  to   space 23040K, 0% used [0x00000000f0e80000,0x00000000f0e80000,0x00000000f2500000)
 ParOldGen       total 79872K, used 35139K [0x00000000a0000000, 0x00000000a4e00000, 0x00000000e0000000)
  object space 79872K, 43% used [0x00000000a0000000,0x00000000a2250e28,0x00000000a4e00000)
 Metaspace       used 63421K, capacity 65550K, committed 65880K, reserved 1105920K
  class space    used 8514K, capacity 8996K, committed 9088K, reserved 1048576K
}

