# JRE version: OpenJDK Runtime Environment (8.0_242-b01) (build 1.8.0_242-release-1644-b01)
# Java VM: OpenJDK 64-Bit Server VM (25.242-b01 mixed mode windows-amd64 compressed oops)
Heap:
 PSYoungGen      total 417280K, used 198384K [0x00000000e0000000, 0x00000000fd000000, 0x0000000100000000)
  eden space 370688K, 46% used [0x00000000e0000000,0x00000000ea84ece0,0x00000000f6a00000)
  from space 46592K, 55% used [0x00000000fa280000,0x00000000fbbed698,0x00000000fd000000)
  to   space 52224K, 0% used [0x00000000f6a00000,0x00000000f6a00000,0x00000000f9d00000)
 ParOldGen       total 217088K, used 72279K [0x00000000a0000000, 0x00000000ad400000, 0x00000000e0000000)
  object space 217088K, 33% used [0x00000000a0000000,0x00000000a4695cf8,0x00000000ad400000)
 Metaspace       used 103601K, capacity 107788K, committed 108072K, reserved 1142784K
  class space    used 12996K, capacity 13844K, committed 13864K, reserved 1048576K
GC Heap History (10 events):
Event: 1500.574 GC heap before
{Heap before GC invocations=26 (full 3):
 PSYoungGen      total 331264K, used 308382K [0x00000000e0000000, 0x00000000f9700000, 0x0000000100000000)
  eden space 275968K, 100% used [0x00000000e0000000,0x00000000f0d80000,0x00000000f0d80000)
  from space 55296K, 58% used [0x00000000f4380000,0x00000000f6327ad0,0x00000000f7980000)
  to   space 55296K, 0% used [0x00000000f0d80000,0x00000000f0d80000,0x00000000f4380000)
 ParOldGen       total 144896K, used 83587K [0x00000000a0000000, 0x00000000a8d80000, 0x00000000e0000000)
  object space 144896K, 57% used [0x00000000a0000000,0x00000000a51a0c78,0x00000000a8d80000)
 Metaspace       used 94319K, capacity 98518K, committed 98600K, reserved 1134592K
  class space    used 12015K, capacity 12819K, committed 12840K, reserved 1048576K
Event: 1500.614 GC heap after
Heap after GC invocations=26 (full 3):
 PSYoungGen      total 331264K, used 6433K [0x00000000e0000000, 0x00000000fb380000, 0x0000000100000000)
  eden space 275968K, 0% used [0x00000000e0000000,0x00000000e0000000,0x00000000f0d80000)
  from space 55296K, 11% used [0x00000000f0d80000,0x00000000f13c8620,0x00000000f4380000)
  to   space 55808K, 0% used [0x00000000f7d00000,0x00000000f7d00000,0x00000000fb380000)
 ParOldGen       total 144896K, used 94179K [0x00000000a0000000, 0x00000000a8d80000, 0x00000000e0000000)
  object space 144896K, 64% used [0x00000000a0000000,0x00000000a5bf8ee8,0x00000000a8d80000)
 Metaspace       used 94319K, capacity 98518K, committed 98600K, reserved 1134592K
  class space    used 12015K, capacity 12819K, committed 12840K, reserved 1048576K
}
Event: 1502.594 GC heap before
{Heap before GC invocations=27 (full 3):
 PSYoungGen      total 331264K, used 232667K [0x00000000e0000000, 0x00000000fb380000, 0x0000000100000000)
  eden space 275968K, 81% used [0x00000000e0000000,0x00000000edcee748,0x00000000f0d80000)
  from space 55296K, 11% used [0x00000000f0d80000,0x00000000f13c8620,0x00000000f4380000)
  to   space 55808K, 0% used [0x00000000f7d00000,0x00000000f7d00000,0x00000000fb380000)
 ParOldGen       total 144896K, used 94179K [0x00000000a0000000, 0x00000000a8d80000, 0x00000000e0000000)
  object space 144896K, 64% used [0x00000000a0000000,0x00000000a5bf8ee8,0x00000000a8d80000)
 Metaspace       used 94384K, capacity 98518K, committed 98600K, reserved 1134592K
  class space    used 12026K, capacity 12819K, committed 12840K, reserved 1048576K
Event: 1502.602 GC heap after
Heap after GC invocations=27 (full 3):
 PSYoungGen      total 376832K, used 1552K [0x00000000e0000000, 0x00000000fad00000, 0x0000000100000000)
  eden space 327680K, 0% used [0x00000000e0000000,0x00000000e0000000,0x00000000f4000000)
  from space 49152K, 3% used [0x00000000f7d00000,0x00000000f7e84010,0x00000000fad00000)
  to   space 55808K, 0% used [0x00000000f4000000,0x00000000f4000000,0x00000000f7680000)
 ParOldGen       total 144896K, used 96861K [0x00000000a0000000, 0x00000000a8d80000, 0x00000000e0000000)
  object space 144896K, 66% used [0x00000000a0000000,0x00000000a5e97700,0x00000000a8d80000)
 Metaspace       used 94384K, capacity 98518K, committed 98600K, reserved 1134592K
  class space    used 12026K, capacity 12819K, committed 12840K, reserved 1048576K
}
Event: 1502.602 GC heap before
{Heap before GC invocations=28 (full 4):
 PSYoungGen      total 376832K, used 1552K [0x00000000e0000000, 0x00000000fad00000, 0x0000000100000000)
  eden space 327680K, 0% used [0x00000000e0000000,0x00000000e0000000,0x00000000f4000000)
  from space 49152K, 3% used [0x00000000f7d00000,0x00000000f7e84010,0x00000000fad00000)
  to   space 55808K, 0% used [0x00000000f4000000,0x00000000f4000000,0x00000000f7680000)
 ParOldGen       total 144896K, used 96861K [0x00000000a0000000, 0x00000000a8d80000, 0x00000000e0000000)
  object space 144896K, 66% used [0x00000000a0000000,0x00000000a5e97700,0x00000000a8d80000)
 Metaspace       used 94384K, capacity 98518K, committed 98600K, reserved 1134592K
  class space    used 12026K, capacity 12819K, committed 12840K, reserved 1048576K
Event: 1503.074 GC heap after
Heap after GC invocations=28 (full 4):
 PSYoungGen      total 376832K, used 0K [0x00000000e0000000, 0x00000000fad00000, 0x0000000100000000)
  eden space 327680K, 0% used [0x00000000e0000000,0x00000000e0000000,0x00000000f4000000)
  from space 49152K, 0% used [0x00000000f7d00000,0x00000000f7d00000,0x00000000fad00000)
  to   space 55808K, 0% used [0x00000000f4000000,0x00000000f4000000,0x00000000f7680000)
 ParOldGen       total 217088K, used 72263K [0x00000000a0000000, 0x00000000ad400000, 0x00000000e0000000)
  object space 217088K, 33% used [0x00000000a0000000,0x00000000a4691cf8,0x00000000ad400000)
 Metaspace       used 94211K, capacity 98102K, committed 98600K, reserved 1134592K
  class space    used 11973K, capacity 12733K, committed 12840K, reserved 1048576K
}
Event: 1511.160 GC heap before
{Heap before GC invocations=29 (full 4):
 PSYoungGen      total 376832K, used 327680K [0x00000000e0000000, 0x00000000fad00000, 0x0000000100000000)
  eden space 327680K, 100% used [0x00000000e0000000,0x00000000f4000000,0x00000000f4000000)
  from space 49152K, 0% used [0x00000000f7d00000,0x00000000f7d00000,0x00000000fad00000)
  to   space 55808K, 0% used [0x00000000f4000000,0x00000000f4000000,0x00000000f7680000)
 ParOldGen       total 217088K, used 72263K [0x00000000a0000000, 0x00000000ad400000, 0x00000000e0000000)
  object space 217088K, 33% used [0x00000000a0000000,0x00000000a4691cf8,0x00000000ad400000)
 Metaspace       used 100393K, capacity 104258K, committed 104872K, reserved 1140736K
  class space    used 12621K, capacity 13375K, committed 13480K, reserved 1048576K
Event: 1511.203 GC heap after
Heap after GC invocations=29 (full 4):
 PSYoungGen      total 383488K, used 14929K [0x00000000e0000000, 0x00000000fd700000, 0x0000000100000000)
  eden space 327680K, 0% used [0x00000000e0000000,0x00000000e0000000,0x00000000f4000000)
  from space 55808K, 26% used [0x00000000f4000000,0x00000000f4e944c0,0x00000000f7680000)
  to   space 53760K, 0% used [0x00000000fa280000,0x00000000fa280000,0x00000000fd700000)
 ParOldGen       total 217088K, used 72271K [0x00000000a0000000, 0x00000000ad400000, 0x00000000e0000000)
  object space 217088K, 33% used [0x00000000a0000000,0x00000000a4693cf8,0x00000000ad400000)
 Metaspace       used 100393K, capacity 104258K, committed 104872K, reserved 1140736K
  class space    used 12621K, capacity 13375K, committed 13480K, reserved 1048576K
}
Event: 1516.864 GC heap before
{Heap before GC invocations=30 (full 4):
 PSYoungGen      total 383488K, used 342609K [0x00000000e0000000, 0x00000000fd700000, 0x0000000100000000)
  eden space 327680K, 100% used [0x00000000e0000000,0x00000000f4000000,0x00000000f4000000)
  from space 55808K, 26% used [0x00000000f4000000,0x00000000f4e944c0,0x00000000f7680000)
  to   space 53760K, 0% used [0x00000000fa280000,0x00000000fa280000,0x00000000fd700000)
 ParOldGen       total 217088K, used 72271K [0x00000000a0000000, 0x00000000ad400000, 0x00000000e0000000)
  object space 217088K, 33% used [0x00000000a0000000,0x00000000a4693cf8,0x00000000ad400000)
 Metaspace       used 103365K, capacity 107536K, committed 107816K, reserved 1142784K
  class space    used 12971K, capacity 13806K, committed 13864K, reserved 1048576K
Event: 1516.916 GC heap after
Heap after GC invocations=30 (full 4):
 PSYoungGen      total 417280K, used 26037K [0x00000000e0000000, 0x00000000fd000000, 0x0000000100000000)
  eden space 370688K, 0% used [0x00000000e0000000,0x00000000e0000000,0x00000000f6a00000)
  from space 46592K, 55% used [0x00000000fa280000,0x00000000fbbed698,0x00000000fd000000)
  to   space 52224K, 0% used [0x00000000f6a00000,0x00000000f6a00000,0x00000000f9d00000)
 ParOldGen       total 217088K, used 72279K [0x00000000a0000000, 0x00000000ad400000, 0x00000000e0000000)
  object space 217088K, 33% used [0x00000000a0000000,0x00000000a4695cf8,0x00000000ad400000)
 Metaspace       used 103365K, capacity 107536K, committed 107816K, reserved 1142784K
  class space    used 12971K, capacity 13806K, committed 13864K, reserved 1048576K
}

