# JRE version: OpenJDK Runtime Environment (8.0_202-b03) (build 1.8.0_202-release-1483-b03)
# Java VM: OpenJDK 64-Bit Server VM (25.202-b03 mixed mode windows-amd64 compressed oops)
Heap:
 PSYoungGen      total 76800K, used 63705K [0x00000000e0000000, 0x00000000e5f80000, 0x0000000100000000)
  eden space 66560K, 83% used [0x00000000e0000000,0x00000000e3635a10,0x00000000e4100000)
  from space 10240K, 80% used [0x00000000e4100000,0x00000000e4900de0,0x00000000e4b00000)
  to   space 11776K, 0% used [0x00000000e5400000,0x00000000e5400000,0x00000000e5f80000)
 ParOldGen       total 55296K, used 22339K [0x00000000a0000000, 0x00000000a3600000, 0x00000000e0000000)
  object space 55296K, 40% used [0x00000000a0000000,0x00000000a15d0c38,0x00000000a3600000)
 Metaspace       used 46833K, capacity 47952K, committed 48128K, reserved 1091584K
  class space    used 6291K, capacity 6543K, committed 6656K, reserved 1048576K
GC Heap History (10 events):
Event: 9.327 GC heap before
{Heap before GC invocations=10 (full 1):
 PSYoungGen      total 76288K, used 54728K [0x00000000e0000000, 0x00000000e5500000, 0x0000000100000000)
  eden space 66560K, 68% used [0x00000000e0000000,0x00000000e2cbfbb0,0x00000000e4100000)
  from space 9728K, 91% used [0x00000000e4b80000,0x00000000e5432790,0x00000000e5500000)
  to   space 10240K, 0% used [0x00000000e4100000,0x00000000e4100000,0x00000000e4b00000)
 ParOldGen       total 55296K, used 11133K [0x00000000a0000000, 0x00000000a3600000, 0x00000000e0000000)
  object space 55296K, 20% used [0x00000000a0000000,0x00000000a0adf5d0,0x00000000a3600000)
 Metaspace       used 34571K, capacity 35362K, committed 35456K, reserved 1079296K
  class space    used 4744K, capacity 4950K, committed 4992K, reserved 1048576K
Event: 9.338 GC heap after
Heap after GC invocations=10 (full 1):
 PSYoungGen      total 76800K, used 10218K [0x00000000e0000000, 0x00000000e5500000, 0x0000000100000000)
  eden space 66560K, 0% used [0x00000000e0000000,0x00000000e0000000,0x00000000e4100000)
  from space 10240K, 99% used [0x00000000e4100000,0x00000000e4afabe8,0x00000000e4b00000)
  to   space 9728K, 0% used [0x00000000e4b80000,0x00000000e4b80000,0x00000000e5500000)
 ParOldGen       total 55296K, used 12204K [0x00000000a0000000, 0x00000000a3600000, 0x00000000e0000000)
  object space 55296K, 22% used [0x00000000a0000000,0x00000000a0beb3e8,0x00000000a3600000)
 Metaspace       used 34571K, capacity 35362K, committed 35456K, reserved 1079296K
  class space    used 4744K, capacity 4950K, committed 4992K, reserved 1048576K
}
Event: 9.338 GC heap before
{Heap before GC invocations=11 (full 2):
 PSYoungGen      total 76800K, used 10218K [0x00000000e0000000, 0x00000000e5500000, 0x0000000100000000)
  eden space 66560K, 0% used [0x00000000e0000000,0x00000000e0000000,0x00000000e4100000)
  from space 10240K, 99% used [0x00000000e4100000,0x00000000e4afabe8,0x00000000e4b00000)
  to   space 9728K, 0% used [0x00000000e4b80000,0x00000000e4b80000,0x00000000e5500000)
 ParOldGen       total 55296K, used 12204K [0x00000000a0000000, 0x00000000a3600000, 0x00000000e0000000)
  object space 55296K, 22% used [0x00000000a0000000,0x00000000a0beb3e8,0x00000000a3600000)
 Metaspace       used 34571K, capacity 35362K, committed 35456K, reserved 1079296K
  class space    used 4744K, capacity 4950K, committed 4992K, reserved 1048576K
Event: 9.417 GC heap after
Heap after GC invocations=11 (full 2):
 PSYoungGen      total 76800K, used 0K [0x00000000e0000000, 0x00000000e5500000, 0x0000000100000000)
  eden space 66560K, 0% used [0x00000000e0000000,0x00000000e0000000,0x00000000e4100000)
  from space 10240K, 0% used [0x00000000e4100000,0x00000000e4100000,0x00000000e4b00000)
  to   space 9728K, 0% used [0x00000000e4b80000,0x00000000e4b80000,0x00000000e5500000)
 ParOldGen       total 55296K, used 18438K [0x00000000a0000000, 0x00000000a3600000, 0x00000000e0000000)
  object space 55296K, 33% used [0x00000000a0000000,0x00000000a1201b38,0x00000000a3600000)
 Metaspace       used 34569K, capacity 35356K, committed 35456K, reserved 1079296K
  class space    used 4743K, capacity 4949K, committed 4992K, reserved 1048576K
}
Event: 10.190 GC heap before
{Heap before GC invocations=12 (full 2):
 PSYoungGen      total 76800K, used 44543K [0x00000000e0000000, 0x00000000e5500000, 0x0000000100000000)
  eden space 66560K, 66% used [0x00000000e0000000,0x00000000e2b7fc10,0x00000000e4100000)
  from space 10240K, 0% used [0x00000000e4100000,0x00000000e4100000,0x00000000e4b00000)
  to   space 9728K, 0% used [0x00000000e4b80000,0x00000000e4b80000,0x00000000e5500000)
 ParOldGen       total 55296K, used 18438K [0x00000000a0000000, 0x00000000a3600000, 0x00000000e0000000)
  object space 55296K, 33% used [0x00000000a0000000,0x00000000a1201b38,0x00000000a3600000)
 Metaspace       used 40015K, capacity 40900K, committed 41088K, reserved 1089536K
  class space    used 5414K, capacity 5648K, committed 5760K, reserved 1048576K
Event: 10.194 GC heap after
Heap after GC invocations=12 (full 2):
 PSYoungGen      total 76288K, used 6272K [0x00000000e0000000, 0x00000000e5500000, 0x0000000100000000)
  eden space 66560K, 0% used [0x00000000e0000000,0x00000000e0000000,0x00000000e4100000)
  from space 9728K, 64% used [0x00000000e4b80000,0x00000000e51a0390,0x00000000e5500000)
  to   space 10240K, 0% used [0x00000000e4100000,0x00000000e4100000,0x00000000e4b00000)
 ParOldGen       total 55296K, used 18446K [0x00000000a0000000, 0x00000000a3600000, 0x00000000e0000000)
  object space 55296K, 33% used [0x00000000a0000000,0x00000000a1203b38,0x00000000a3600000)
 Metaspace       used 40015K, capacity 40900K, committed 41088K, reserved 1089536K
  class space    used 5414K, capacity 5648K, committed 5760K, reserved 1048576K
}
Event: 10.194 GC heap before
{Heap before GC invocations=13 (full 3):
 PSYoungGen      total 76288K, used 6272K [0x00000000e0000000, 0x00000000e5500000, 0x0000000100000000)
  eden space 66560K, 0% used [0x00000000e0000000,0x00000000e0000000,0x00000000e4100000)
  from space 9728K, 64% used [0x00000000e4b80000,0x00000000e51a0390,0x00000000e5500000)
  to   space 10240K, 0% used [0x00000000e4100000,0x00000000e4100000,0x00000000e4b00000)
 ParOldGen       total 55296K, used 18446K [0x00000000a0000000, 0x00000000a3600000, 0x00000000e0000000)
  object space 55296K, 33% used [0x00000000a0000000,0x00000000a1203b38,0x00000000a3600000)
 Metaspace       used 40015K, capacity 40900K, committed 41088K, reserved 1089536K
  class space    used 5414K, capacity 5648K, committed 5760K, reserved 1048576K
Event: 10.314 GC heap after
Heap after GC invocations=13 (full 3):
 PSYoungGen      total 76288K, used 0K [0x00000000e0000000, 0x00000000e5500000, 0x0000000100000000)
  eden space 66560K, 0% used [0x00000000e0000000,0x00000000e0000000,0x00000000e4100000)
  from space 9728K, 0% used [0x00000000e4b80000,0x00000000e4b80000,0x00000000e5500000)
  to   space 10240K, 0% used [0x00000000e4100000,0x00000000e4100000,0x00000000e4b00000)
 ParOldGen       total 55296K, used 22331K [0x00000000a0000000, 0x00000000a3600000, 0x00000000e0000000)
  object space 55296K, 40% used [0x00000000a0000000,0x00000000a15cec38,0x00000000a3600000)
 Metaspace       used 40015K, capacity 40900K, committed 41088K, reserved 1087488K
  class space    used 5414K, capacity 5648K, committed 5760K, reserved 1048576K
}
Event: 11.024 GC heap before
{Heap before GC invocations=14 (full 3):
 PSYoungGen      total 76288K, used 66560K [0x00000000e0000000, 0x00000000e5500000, 0x0000000100000000)
  eden space 66560K, 100% used [0x00000000e0000000,0x00000000e4100000,0x00000000e4100000)
  from space 9728K, 0% used [0x00000000e4b80000,0x00000000e4b80000,0x00000000e5500000)
  to   space 10240K, 0% used [0x00000000e4100000,0x00000000e4100000,0x00000000e4b00000)
 ParOldGen       total 55296K, used 22331K [0x00000000a0000000, 0x00000000a3600000, 0x00000000e0000000)
  object space 55296K, 40% used [0x00000000a0000000,0x00000000a15cec38,0x00000000a3600000)
 Metaspace       used 45164K, capacity 46168K, committed 46336K, reserved 1091584K
  class space    used 6057K, capacity 6330K, committed 6400K, reserved 1048576K
Event: 11.029 GC heap after
Heap after GC invocations=14 (full 3):
 PSYoungGen      total 76800K, used 8195K [0x00000000e0000000, 0x00000000e5f80000, 0x0000000100000000)
  eden space 66560K, 0% used [0x00000000e0000000,0x00000000e0000000,0x00000000e4100000)
  from space 10240K, 80% used [0x00000000e4100000,0x00000000e4900de0,0x00000000e4b00000)
  to   space 11776K, 0% used [0x00000000e5400000,0x00000000e5400000,0x00000000e5f80000)
 ParOldGen       total 55296K, used 22339K [0x00000000a0000000, 0x00000000a3600000, 0x00000000e0000000)
  object space 55296K, 40% used [0x00000000a0000000,0x00000000a15d0c38,0x00000000a3600000)
 Metaspace       used 45164K, capacity 46168K, committed 46336K, reserved 1091584K
  class space    used 6057K, capacity 6330K, committed 6400K, reserved 1048576K
}

